<?xml version="1.0" encoding="UTF-8"?>
<testsuites>
  <testsuite name="IBAN Test Suite" tests="71" assertions="297" failures="0" errors="0" time="2.136044">
    <testsuite name="IBAN\Core\IBANTest" file="/home/dennis/Projects/epg/Iban/tests/library/IBAN/Core/IBANTest.php" namespace="IBAN\Core" fullPackage="IBAN.Core" tests="5" assertions="5" failures="0" errors="0" time="0.016687">
      <testcase name="testGetLocalCode" class="IBAN\Core\IBANTest" file="/home/dennis/Projects/epg/Iban/tests/library/IBAN/Core/IBANTest.php" line="20" assertions="1" time="0.007855"/>
      <testcase name="testGetChecksum" class="IBAN\Core\IBANTest" file="/home/dennis/Projects/epg/Iban/tests/library/IBAN/Core/IBANTest.php" line="25" assertions="1" time="0.002239"/>
      <testcase name="testGetInstituteIdentification" class="IBAN\Core\IBANTest" file="/home/dennis/Projects/epg/Iban/tests/library/IBAN/Core/IBANTest.php" line="30" assertions="1" time="0.002213"/>
      <testcase name="testGetBankAccountNumber" class="IBAN\Core\IBANTest" file="/home/dennis/Projects/epg/Iban/tests/library/IBAN/Core/IBANTest.php" line="35" assertions="1" time="0.002090"/>
      <testcase name="testIbanFormatter" class="IBAN\Core\IBANTest" file="/home/dennis/Projects/epg/Iban/tests/library/IBAN/Core/IBANTest.php" line="40" assertions="1" time="0.002290"/>
    </testsuite>
    <testsuite name="IBAN\Generation\IBANGeneratorTest" file="/home/dennis/Projects/epg/Iban/tests/library/IBAN/Generation/IBANGeneratorTest.php" namespace="IBAN\Generation" fullPackage="IBAN.Generation" tests="64" assertions="242" failures="0" errors="0" time="2.063585">
      <testcase name="testCreation" class="IBAN\Generation\IBANGeneratorTest" file="/home/dennis/Projects/epg/Iban/tests/library/IBAN/Generation/IBANGeneratorTest.php" line="11" assertions="1" time="0.003041"/>
      <testcase name="testGenerate_throwsInvalidArgumentExceptionOnMissingInstituteIdentification" class="IBAN\Generation\IBANGeneratorTest" file="/home/dennis/Projects/epg/Iban/tests/library/IBAN/Generation/IBANGeneratorTest.php" line="20" assertions="1" time="0.005442"/>
      <testcase name="testGenerate_throwsInvalidArgumentExceptionOnMissingBankAccountNumber" class="IBAN\Generation\IBANGeneratorTest" file="/home/dennis/Projects/epg/Iban/tests/library/IBAN/Generation/IBANGeneratorTest.php" line="28" assertions="1" time="0.002504"/>
      <testcase name="testGenerate_ValidIban" class="IBAN\Generation\IBANGeneratorTest" file="/home/dennis/Projects/epg/Iban/tests/library/IBAN/Generation/IBANGeneratorTest.php" line="33" assertions="2" time="0.016186"/>
      <testcase name="testNormalizeInput" class="IBAN\Generation\IBANGeneratorTest" file="/home/dennis/Projects/epg/Iban/tests/library/IBAN/Generation/IBANGeneratorTest.php" line="44" assertions="1" time="0.007585"/>
      <testcase name="testGenerateIbanNL" class="IBAN\Generation\IBANGeneratorTest" file="/home/dennis/Projects/epg/Iban/tests/library/IBAN/Generation/IBANGeneratorTest.php" line="49" assertions="1" time="0.003727"/>
      <testcase name="testGenerateIbanMT" class="IBAN\Generation\IBANGeneratorTest" file="/home/dennis/Projects/epg/Iban/tests/library/IBAN/Generation/IBANGeneratorTest.php" line="54" assertions="1" time="0.003877"/>
      <testcase name="testGenerateIbanForRule000100ShouldThrowException" class="IBAN\Generation\IBANGeneratorTest" file="/home/dennis/Projects/epg/Iban/tests/library/IBAN/Generation/IBANGeneratorTest.php" line="62" assertions="1" time="0.002232"/>
      <testcase name="testGenerateIbanForRuleDE000200" class="IBAN\Generation\IBANGeneratorTest" file="/home/dennis/Projects/epg/Iban/tests/library/IBAN/Generation/IBANGeneratorTest.php" line="68" assertions="3" time="0.018125"/>
      <testcase name="testGenerateIbanForRuleDE000300" class="IBAN\Generation\IBANGeneratorTest" file="/home/dennis/Projects/epg/Iban/tests/library/IBAN/Generation/IBANGeneratorTest.php" line="75" assertions="2" time="0.013156"/>
      <testcase name="testGenerateIbanForRuleDE000400" class="IBAN\Generation\IBANGeneratorTest" file="/home/dennis/Projects/epg/Iban/tests/library/IBAN/Generation/IBANGeneratorTest.php" line="81" assertions="10" time="0.058199"/>
      <testcase name="testGenerateIbanForRuleDE000502" class="IBAN\Generation\IBANGeneratorTest" file="/home/dennis/Projects/epg/Iban/tests/library/IBAN/Generation/IBANGeneratorTest.php" line="95" assertions="8" time="0.068810"/>
      <testcase name="testGenerateIbanForRuleDE000600" class="IBAN\Generation\IBANGeneratorTest" file="/home/dennis/Projects/epg/Iban/tests/library/IBAN/Generation/IBANGeneratorTest.php" line="107" assertions="4" time="0.023965"/>
      <testcase name="testGenerateIbanForRuleDE000700" class="IBAN\Generation\IBANGeneratorTest" file="/home/dennis/Projects/epg/Iban/tests/library/IBAN/Generation/IBANGeneratorTest.php" line="115" assertions="33" time="0.186041"/>
      <testcase name="testGenerateIbanForRuleDE000800" class="IBAN\Generation\IBANGeneratorTest" file="/home/dennis/Projects/epg/Iban/tests/library/IBAN/Generation/IBANGeneratorTest.php" line="152" assertions="11" time="0.061332"/>
      <testcase name="testGenerateIbanForRuleDE000900" class="IBAN\Generation\IBANGeneratorTest" file="/home/dennis/Projects/epg/Iban/tests/library/IBAN/Generation/IBANGeneratorTest.php" line="167" assertions="2" time="0.018837"/>
      <testcase name="testGenerateIbanForRuleDE001001" class="IBAN\Generation\IBANGeneratorTest" file="/home/dennis/Projects/epg/Iban/tests/library/IBAN/Generation/IBANGeneratorTest.php" line="173" assertions="3" time="0.032067"/>
      <testcase name="testGenerateIbanForRuleDE001100" class="IBAN\Generation\IBANGeneratorTest" file="/home/dennis/Projects/epg/Iban/tests/library/IBAN/Generation/IBANGeneratorTest.php" line="180" assertions="4" time="0.028555"/>
      <testcase name="testGenerateIbanForRuleDE001201" class="IBAN\Generation\IBANGeneratorTest" file="/home/dennis/Projects/epg/Iban/tests/library/IBAN/Generation/IBANGeneratorTest.php" line="190" assertions="2" time="0.012902"/>
      <testcase name="testGenerateIbanForRuleDE001301" class="IBAN\Generation\IBANGeneratorTest" file="/home/dennis/Projects/epg/Iban/tests/library/IBAN/Generation/IBANGeneratorTest.php" line="196" assertions="2" time="0.013053"/>
      <testcase name="testGenerateIbanForRuleDE001400" class="IBAN\Generation\IBANGeneratorTest" file="/home/dennis/Projects/epg/Iban/tests/library/IBAN/Generation/IBANGeneratorTest.php" line="202" assertions="2" time="0.015435"/>
      <testcase name="testGenerateIbanForRuleDE001501" class="IBAN\Generation\IBANGeneratorTest" file="/home/dennis/Projects/epg/Iban/tests/library/IBAN/Generation/IBANGeneratorTest.php" line="208" assertions="11" time="0.069306"/>
      <testcase name="testGenerateIbanForRuleDE001600" class="IBAN\Generation\IBANGeneratorTest" file="/home/dennis/Projects/epg/Iban/tests/library/IBAN/Generation/IBANGeneratorTest.php" line="223" assertions="1" time="0.008440"/>
      <testcase name="testGenerateIbanForRuleDE001700" class="IBAN\Generation\IBANGeneratorTest" file="/home/dennis/Projects/epg/Iban/tests/library/IBAN/Generation/IBANGeneratorTest.php" line="228" assertions="10" time="0.111456"/>
      <testcase name="testGenerateIbanForRuleDE001800" class="IBAN\Generation\IBANGeneratorTest" file="/home/dennis/Projects/epg/Iban/tests/library/IBAN/Generation/IBANGeneratorTest.php" line="242" assertions="5" time="0.045951"/>
      <testcase name="testGenerateIbanForRuleDE001900" class="IBAN\Generation\IBANGeneratorTest" file="/home/dennis/Projects/epg/Iban/tests/library/IBAN/Generation/IBANGeneratorTest.php" line="251" assertions="4" time="0.024987"/>
      <testcase name="testGenerateIbanForRuleDE002001" class="IBAN\Generation\IBANGeneratorTest" file="/home/dennis/Projects/epg/Iban/tests/library/IBAN/Generation/IBANGeneratorTest.php" line="259" assertions="1" time="0.012415"/>
      <testcase name="testGenerateIbanForRuleDE002002" class="IBAN\Generation\IBANGeneratorTest" file="/home/dennis/Projects/epg/Iban/tests/library/IBAN/Generation/IBANGeneratorTest.php" line="264" assertions="3" time="0.044136"/>
      <testcase name="testGenerateIbanForRuleDE002101" class="IBAN\Generation\IBANGeneratorTest" file="/home/dennis/Projects/epg/Iban/tests/library/IBAN/Generation/IBANGeneratorTest.php" line="271" assertions="7" time="0.035956"/>
      <testcase name="testGenerateIbanForRuleDE002200" class="IBAN\Generation\IBANGeneratorTest" file="/home/dennis/Projects/epg/Iban/tests/library/IBAN/Generation/IBANGeneratorTest.php" line="282" assertions="1" time="0.009472"/>
      <testcase name="testGenerateIbanForRuleDE002300" class="IBAN\Generation\IBANGeneratorTest" file="/home/dennis/Projects/epg/Iban/tests/library/IBAN/Generation/IBANGeneratorTest.php" line="287" assertions="1" time="0.012347"/>
      <testcase name="testGenerateIbanForRuleDE002400" class="IBAN\Generation\IBANGeneratorTest" file="/home/dennis/Projects/epg/Iban/tests/library/IBAN/Generation/IBANGeneratorTest.php" line="292" assertions="4" time="0.026432"/>
      <testcase name="testGenerateIbanForRuleDE002500" class="IBAN\Generation\IBANGeneratorTest" file="/home/dennis/Projects/epg/Iban/tests/library/IBAN/Generation/IBANGeneratorTest.php" line="300" assertions="2" time="0.012947"/>
      <testcase name="testGenerateIbanForRuleDE002600" class="IBAN\Generation\IBANGeneratorTest" file="/home/dennis/Projects/epg/Iban/tests/library/IBAN/Generation/IBANGeneratorTest.php" line="306" assertions="2" time="0.019105"/>
      <testcase name="testGenerateIbanForRuleDE002700" class="IBAN\Generation\IBANGeneratorTest" file="/home/dennis/Projects/epg/Iban/tests/library/IBAN/Generation/IBANGeneratorTest.php" line="312" assertions="2" time="0.017613"/>
      <testcase name="testGenerateIbanForRuleDE002800" class="IBAN\Generation\IBANGeneratorTest" file="/home/dennis/Projects/epg/Iban/tests/library/IBAN/Generation/IBANGeneratorTest.php" line="318" assertions="1" time="0.007835"/>
      <testcase name="testGenerateIbanForRuleDE002900" class="IBAN\Generation\IBANGeneratorTest" file="/home/dennis/Projects/epg/Iban/tests/library/IBAN/Generation/IBANGeneratorTest.php" line="323" assertions="2" time="0.013182"/>
      <testcase name="testGenerateIbanForRuleDE003000" class="IBAN\Generation\IBANGeneratorTest" file="/home/dennis/Projects/epg/Iban/tests/library/IBAN/Generation/IBANGeneratorTest.php" line="329" assertions="0" time="0.001610"/>
      <testcase name="testGenerateIbanForRuleDE003101" class="IBAN\Generation\IBANGeneratorTest" file="/home/dennis/Projects/epg/Iban/tests/library/IBAN/Generation/IBANGeneratorTest.php" line="334" assertions="0" time="0.001528"/>
      <testcase name="testGenerateIbanForRuleDE003200" class="IBAN\Generation\IBANGeneratorTest" file="/home/dennis/Projects/epg/Iban/tests/library/IBAN/Generation/IBANGeneratorTest.php" line="343" assertions="2" time="0.015487"/>
      <testcase name="testGenerateIbanForRuleDE003300" class="IBAN\Generation\IBANGeneratorTest" file="/home/dennis/Projects/epg/Iban/tests/library/IBAN/Generation/IBANGeneratorTest.php" line="350" assertions="6" time="0.160062"/>
      <testcase name="testGenerateIbanForRuleDE003400" class="IBAN\Generation\IBANGeneratorTest" file="/home/dennis/Projects/epg/Iban/tests/library/IBAN/Generation/IBANGeneratorTest.php" line="360" assertions="2" time="0.019711"/>
      <testcase name="testGenerateIbanForRuleDE003500" class="IBAN\Generation\IBANGeneratorTest" file="/home/dennis/Projects/epg/Iban/tests/library/IBAN/Generation/IBANGeneratorTest.php" line="366" assertions="2" time="0.019739"/>
      <testcase name="testGenerateIbanForRuleDE003600" class="IBAN\Generation\IBANGeneratorTest" file="/home/dennis/Projects/epg/Iban/tests/library/IBAN/Generation/IBANGeneratorTest.php" line="372" assertions="11" time="0.066153"/>
      <testcase name="testGenerateIbanForRuleDE003700" class="IBAN\Generation\IBANGeneratorTest" file="/home/dennis/Projects/epg/Iban/tests/library/IBAN/Generation/IBANGeneratorTest.php" line="387" assertions="2" time="0.013061"/>
      <testcase name="testGenerateIbanForRuleDE003800" class="IBAN\Generation\IBANGeneratorTest" file="/home/dennis/Projects/epg/Iban/tests/library/IBAN/Generation/IBANGeneratorTest.php" line="393" assertions="3" time="0.019735"/>
      <testcase name="testGenerateIbanForRuleDE003900" class="IBAN\Generation\IBANGeneratorTest" file="/home/dennis/Projects/epg/Iban/tests/library/IBAN/Generation/IBANGeneratorTest.php" line="400" assertions="0" time="0.001560"/>
      <testcase name="testGenerateIbanForRuleDE004001" class="IBAN\Generation\IBANGeneratorTest" file="/home/dennis/Projects/epg/Iban/tests/library/IBAN/Generation/IBANGeneratorTest.php" line="405" assertions="1" time="0.008058"/>
      <testcase name="testGenerateIbanForRuleDE004100" class="IBAN\Generation\IBANGeneratorTest" file="/home/dennis/Projects/epg/Iban/tests/library/IBAN/Generation/IBANGeneratorTest.php" line="410" assertions="2" time="0.012642"/>
      <testcase name="testGenerateIbanForRuleDE004200" class="IBAN\Generation\IBANGeneratorTest" file="/home/dennis/Projects/epg/Iban/tests/library/IBAN/Generation/IBANGeneratorTest.php" line="416" assertions="4" time="0.025462"/>
      <testcase name="testGenerateIbanForRuleDE004300" class="IBAN\Generation\IBANGeneratorTest" file="/home/dennis/Projects/epg/Iban/tests/library/IBAN/Generation/IBANGeneratorTest.php" line="424" assertions="2" time="0.014432"/>
      <testcase name="testGenerateIbanForRuleDE004400" class="IBAN\Generation\IBANGeneratorTest" file="/home/dennis/Projects/epg/Iban/tests/library/IBAN/Generation/IBANGeneratorTest.php" line="430" assertions="1" time="0.010063"/>
      <testcase name="testGenerateIbanForRuleDE004500" class="IBAN\Generation\IBANGeneratorTest" file="/home/dennis/Projects/epg/Iban/tests/library/IBAN/Generation/IBANGeneratorTest.php" line="435" assertions="0" time="0.001631"/>
      <testcase name="testGenerateIbanForRuleDE004600" class="IBAN\Generation\IBANGeneratorTest" file="/home/dennis/Projects/epg/Iban/tests/library/IBAN/Generation/IBANGeneratorTest.php" line="440" assertions="1" time="0.025467"/>
      <testcase name="testGenerateIbanForRuleDE004700" class="IBAN\Generation\IBANGeneratorTest" file="/home/dennis/Projects/epg/Iban/tests/library/IBAN/Generation/IBANGeneratorTest.php" line="445" assertions="2" time="0.014098"/>
      <testcase name="testGenerateIbanForRuleDE004800" class="IBAN\Generation\IBANGeneratorTest" file="/home/dennis/Projects/epg/Iban/tests/library/IBAN/Generation/IBANGeneratorTest.php" line="451" assertions="4" time="0.024422"/>
      <testcase name="testGenerateIbanForRuleDE004900" class="IBAN\Generation\IBANGeneratorTest" file="/home/dennis/Projects/epg/Iban/tests/library/IBAN/Generation/IBANGeneratorTest.php" line="459" assertions="2" time="0.015681"/>
      <testcase name="testGenerateIbanForRuleDE005000" class="IBAN\Generation\IBANGeneratorTest" file="/home/dennis/Projects/epg/Iban/tests/library/IBAN/Generation/IBANGeneratorTest.php" line="465" assertions="0" time="0.001643"/>
      <testcase name="testGenerateIbanForRuleDE005100" class="IBAN\Generation\IBANGeneratorTest" file="/home/dennis/Projects/epg/Iban/tests/library/IBAN/Generation/IBANGeneratorTest.php" line="470" assertions="4" time="0.257801"/>
      <testcase name="testGenerateIbanForRuleDE005200" class="IBAN\Generation\IBANGeneratorTest" file="/home/dennis/Projects/epg/Iban/tests/library/IBAN/Generation/IBANGeneratorTest.php" line="478" assertions="1" time="0.008376"/>
      <testcase name="testGenerateIbanForRuleDE005300" class="IBAN\Generation\IBANGeneratorTest" file="/home/dennis/Projects/epg/Iban/tests/library/IBAN/Generation/IBANGeneratorTest.php" line="483" assertions="1" time="0.008303"/>
      <testcase name="testGenerateIbanForRuleDE005400" class="IBAN\Generation\IBANGeneratorTest" file="/home/dennis/Projects/epg/Iban/tests/library/IBAN/Generation/IBANGeneratorTest.php" line="488" assertions="0" time="0.001582"/>
      <testcase name="testGenerateIbanForRuleDE005500" class="IBAN\Generation\IBANGeneratorTest" file="/home/dennis/Projects/epg/Iban/tests/library/IBAN/Generation/IBANGeneratorTest.php" line="493" assertions="2" time="0.013839"/>
      <testcase name="testGenerateIbanForRuleDE005600" class="IBAN\Generation\IBANGeneratorTest" file="/home/dennis/Projects/epg/Iban/tests/library/IBAN/Generation/IBANGeneratorTest.php" line="499" assertions="35" time="0.234789"/>
    </testsuite>
    <testsuite name="IBAN\Rule\RuleFactoryTest" file="/home/dennis/Projects/epg/Iban/tests/library/IBAN/Rule/RuleFactoryTest.php" namespace="IBAN\Rule" fullPackage="IBAN.Rule" tests="1" assertions="1" failures="0" errors="0" time="0.001903">
      <testcase name="testCreateDE" class="IBAN\Rule\RuleFactoryTest" file="/home/dennis/Projects/epg/Iban/tests/library/IBAN/Rule/RuleFactoryTest.php" line="8" assertions="1" time="0.001903"/>
    </testsuite>
    <testsuite name="IBAN\Validation\IBANValidatorTest" file="/home/dennis/Projects/epg/Iban/tests/library/IBAN/Validation/IBANValidatorTest.php" namespace="IBAN\Validation" fullPackage="IBAN.Validation" tests="1" assertions="49" failures="0" errors="0" time="0.053869">
      <testcase name="testValidate_IfIbanIsValid" class="IBAN\Validation\IBANValidatorTest" file="/home/dennis/Projects/epg/Iban/tests/library/IBAN/Validation/IBANValidatorTest.php" line="25" assertions="49" time="0.053869"/>
    </testsuite>
  </testsuite>
</testsuites>
